https://data.lekbeshimun.gov.np/datasets/health-dpt-data स्वास्थ्य कर्मचारी विवरण (२०७८-७९) (२०८०-०८१) 2024-10-30 00:00:00
h4==previewbutton True
{'स्वास्थ्य कर्मचारी विवरण (२०८०-०८१)': 'https://dms.lekbeshimun.gov.np/dataset/e4a37dfb-f978-46b4-b402-9cdacc08e972/resource/cd7a5513-ee59-48cc-8655-a07315b366e3/download/-copy-2.xlsx', 'स्वास्थ्य कर्मचारी विवरण (२०७८-०७९)': 'https://dms.lekbeshimun.gov.np/dataset/e4a37dfb-f978-46b4-b402-9cdacc08e972/resource/8e988fbe-5e0e-4529-ae5e-9ec2a30034ae/download/-33.xlsx'}
File '/app/data/lekbeshi/health_employee_details/2080-81/स्वास्थ्य कर्मचारी विवरण (२०८०-०८१).xlsx' already exists.
--2024-11-15 10:59:25--  https://dms.lekbeshimun.gov.np/dataset/e4a37dfb-f978-46b4-b402-9cdacc08e972/resource/cd7a5513-ee59-48cc-8655-a07315b366e3/download/-copy-2.xlsx
Resolving dms.lekbeshimun.gov.np (dms.lekbeshimun.gov.np)... 103.175.192.149
Connecting to dms.lekbeshimun.gov.np (dms.lekbeshimun.gov.np)|103.175.192.149|:443... connected.
HTTP request sent, awaiting response... 200 OK
Length: 24444 (24K) [application/vnd.openxmlformats-officedocument.spreadsheetml.sheet]
Saving to: ‘/tmp/tmpa4_yjdzr/temp.xlsx’

     0K .......... .......... ...                             100%  258M=0s

2024-11-15 10:59:25 (258 MB/s) - ‘/tmp/tmpa4_yjdzr/temp.xlsx’ saved [24444/24444]

File 'स्वास्थ्य कर्मचारी विवरण (२०८०-०८१).xlsx' hasn't been modified. Skipping replacing
File '/app/data/lekbeshi/health_employee_details/2078-79/स्वास्थ्य कर्मचारी विवरण (२०७८-०७९).xlsx' already exists.
--2024-11-15 10:59:25--  https://dms.lekbeshimun.gov.np/dataset/e4a37dfb-f978-46b4-b402-9cdacc08e972/resource/8e988fbe-5e0e-4529-ae5e-9ec2a30034ae/download/-33.xlsx
Resolving dms.lekbeshimun.gov.np (dms.lekbeshimun.gov.np)... 103.175.192.149
Connecting to dms.lekbeshimun.gov.np (dms.lekbeshimun.gov.np)|103.175.192.149|:443... connected.
HTTP request sent, awaiting response... 200 OK
Length: 17206 (17K) [application/vnd.openxmlformats-officedocument.spreadsheetml.sheet]
Saving to: ‘/tmp/tmpwrs_fe4_/temp.xlsx’

     0K .......... ......                                     100%  211M=0s

2024-11-15 10:59:25 (211 MB/s) - ‘/tmp/tmpwrs_fe4_/temp.xlsx’ saved [17206/17206]

File 'स्वास्थ्य कर्मचारी विवरण (२०७८-०७९).xlsx' hasn't been modified. Skipping replacing
https://data.lekbeshimun.gov.np/datasets/administration-data लेकवेशी कर्मचारी विवरण २०७९ 2023-09-13 00:00:00
h4==previewbutton True
{'लेकवेशी कर्मचारी विवरण २०७९.xlsx': 'https://dms.lekbeshimun.gov.np/dataset/c8784466-9ae2-496e-a8a3-d17dd6fd8128/resource/0aa4f7c4-bfa3-4289-a8e1-9373a2fe3f34/download/-.xlsx'}
Could not determine topic or folder name for लेकवेशी कर्मचारी विवरण २०७९.xlsx. Skipping.
https://data.tulsipurmun.gov.np/datasets/wardwise-disability-id-card-data Wardwise Disability ID Card Data 2024-07-19 00:00:00
h4==previewbutton True
{'Disability ID Card Report upto fiscal year 2080.81.xlsx': 'https://dms.tulsipurmun.gov.np/dataset/bbbd7b66-2d8e-4bfd-b9ed-d2f7679cf599/resource/3f95728f-916d-417d-9557-e67abdbd7110/download/disability-id-card-report-upto-fiscal-year-2080.81.xlsx'}
Could not determine topic or folder name for Disability ID Card Report upto fiscal year 2080.81.xlsx. Skipping.
https://data.tulsipurmun.gov.np/datasets/tulsipur-students-details Tulsipur Students Details- 2080 2024-09-26 00:00:00
h4==previewbutton True
{"Tulsipur Students' Details 2080": 'https://dms.tulsipurmun.gov.np/dataset/8b0d64f1-98e7-4fe1-8317-c739b7badf47/resource/5f7f82e2-bbe4-474f-b240-014c58896f04/download/student-details-of-public-school.xlsx'}
Could not determine topic or folder name for Tulsipur Students' Details 2080. Skipping.
https://data.tulsipurmun.gov.np/datasets/students-drop-out-record-2078 Students'  Drop Out Record 2078 2024-07-23 00:00:00
h4==previewbutton True
{"Student's drop out 2079 xlsx": 'https://dms.tulsipurmun.gov.np/dataset/95744137-bf74-4653-98f3-4fad95075368/resource/4894388d-1483-4942-bc16-6e94eeed2260/download/download.xlsx'}
Could not determine topic or folder name for Student's drop out 2079 xlsx. Skipping.
https://data.tulsipurmun.gov.np/datasets/students-details-of-private-school-of-2080-of-tulsipur-submetropolitican-city Students Details of Private School of 2080 of Tulsipur Submetropolitican City 2024-09-18 00:00:00
h4==previewbutton True
{'Student Details Private school 2081.xlsx': 'https://dms.tulsipurmun.gov.np/dataset/eeaa59f3-443b-4c4e-be64-e219c6b97419/resource/ebd8cbfc-2596-4776-b72b-fa26ed2d6bc6/download/student-details-private-school-2081.xlsx'}
Could not determine topic or folder name for Student Details Private school 2081.xlsx. Skipping.
https://data.tulsipurmun.gov.np/datasets/students-details-of-public-school-of-the-year-2081-of-tulsipur-sub-metropolitican-city Students Details Of Public School Of the year 2081 of Tulsipur Sub metropolitican City 2024-09-18 00:00:00
h4==previewbutton True
{'Student Details Public School 2081.xlsx': 'https://dms.tulsipurmun.gov.np/dataset/ea14d613-e2b1-47c6-be15-216b1d0a6ec7/resource/3bd5c726-c6c8-4526-a6bf-4fa224ffedd7/download/student-details-public-school-2081.xlsx'}
Could not determine topic or folder name for Student Details Public School 2081.xlsx. Skipping.
https://data.tulsipurmun.gov.np/datasets/social-security-3trimester-report Social Security Third Trimester Report of FY 2080/81 2024-10-25 00:00:00
h4==previewbutton True
{'Dang Tulsipur SSNP budget Forecasting report of FY 2080/81': 'https://dms.tulsipurmun.gov.np/dataset/79bd2088-b0a8-4f6c-98d3-80db02d46d63/resource/382e53d2-ac1b-4439-adbc-fd6d765eca72/download/___'}
Could not determine topic or folder name for Dang Tulsipur SSNP budget Forecasting report of FY 2080/81. Skipping.
https://data.tulsipurmun.gov.np/datasets/school-teacher-report School Teacher Report 2077 2024-07-24 00:00:00
h4==previewbutton True
{'School Teacher Report.xlsx': 'https://dms.tulsipurmun.gov.np/dataset/0e2290cb-d9b6-46f3-b936-8dc154e09974/resource/7e67c800-7351-472c-8db4-e857f5befe8a/download/school-teacher-report.xlsx'}
Could not determine topic or folder name for School Teacher Report.xlsx. Skipping.
https://data.tulsipurmun.gov.np/datasets/repeaters-students-2079 Repeaters students- 2079 2024-07-23 00:00:00
h4==previewbutton True
{'Repeaters students 2079': 'https://dms.tulsipurmun.gov.np/dataset/b2f036de-8dc8-430b-b9eb-5e1d4079a999/resource/52aac690-4a6c-4543-9e4b-3a78f915993f/download/repeaters-2079.xlsx'}
Could not determine topic or folder name for Repeaters students 2079. Skipping.
https://data.tulsipurmun.gov.np/datasets/relief-distribution-data-of-the-fy-2080-081 Relief Distribution Data of the FY 2080/081 2024-10-23 00:00:00
h4==previewbutton True
{'Relief Distribution on FY 2080/81': 'https://dms.tulsipurmun.gov.np/dataset/038c19dc-6cdb-4930-b6b8-25651b5804a4/resource/ec973e71-07db-4a6a-9cd5-d5d6d0bf0470/download/relief-distribution-data.xlsx'}
Could not determine topic or folder name for Relief Distribution on FY 2080/81. Skipping.
https://data.tulsipurmun.gov.np/datasets/promoters-students-2079 Promoters students- 2079 2024-07-24 00:00:00
h4==previewbutton True
{'Promoters students 2079': 'https://dms.tulsipurmun.gov.np/dataset/b3c2fd38-9639-4ca2-9fcf-2a9c43bc00bc/resource/eef01793-0fa0-4099-84e1-6376e145700c/download/promoters-2079.xlsx'}
Could not determine topic or folder name for Promoters students 2079. Skipping.
https://data.birgunjmun.gov.np/datasets/environment-section-record स्वीकृत तथा सिफारिस गरिएका वातावरण अध्ययन प्रतिवेदनहरुको सुची 2024-08-29 00:00:00
h4==previewbutton True
{'स्वीकृत प्रतिवेदन तथा सिफारिसहरु.xlsx': 'https://dms.birgunjmun.gov.np/dataset/84db9a1d-57ac-456c-b9b6-fb419032370b/resource/f1f46dce-a535-4f6f-824b-ab1ee4b0f6ea/download/-.xlsx'}
Could not determine topic or folder name for स्वीकृत प्रतिवेदन तथा सिफारिसहरु.xlsx. Skipping.
https://data.birgunjmun.gov.np/datasets/sadhan-ra-subidha-ko-awastha साधन र सुबिधाको अवस्था 2024-10-24 00:00:00
h4==previewbutton True
{'अनुसूची-१० सुबिधाको अवस्था .xlsx': 'https://dms.birgunjmun.gov.np/dataset/a2b555f1-ef12-417b-9dcb-ab7097e8e04f/resource/ab0040ec-1261-448b-aee6-c8c55ef0be3a/download/anuschi-subidha-ko-awastha.xlsx'}
Could not determine topic or folder name for अनुसूची-१० सुबिधाको अवस्था .xlsx. Skipping.
https://data.birgunjmun.gov.np/datasets/cooperative-financial-statements सहकारी संस्थाहरुको वित्तिय विवरण 2024-07-09 00:00:00
h4==previewbutton True
{'सहकारी संस्थाहरु र संस्थाहरुको वित्तिय विवरण': 'https://dms.birgunjmun.gov.np/dataset/3d73c3f5-de17-44f2-b2da-6b46620aa7a6/resource/ed9dd7ed-0caf-40c2-9bd8-767d23c64bae/download/sahakari-bibaran.xlsx'}
Could not determine topic or folder name for सहकारी संस्थाहरु र संस्थाहरुको वित्तिय विवरण. Skipping.
https://data.birgunjmun.gov.np/datasets/https-dms-birgunjmun-gov-np-dataset-new-group-1609904b-b25f-458e-8ba6-7ed7ee861da3 वीरगंज महानगरपालिका अन्तर्गतका विभिन्‍न वडा कार्यालयहरुमा सचिवहरुको नामावली र सम्पर्क नं. 2024-01-23 00:00:00
h4==previewbutton True
{'ward wise karmachari.xlsx': 'https://dms.birgunjmun.gov.np/dataset/0f814717-38e3-4bf7-9677-5bef0fe7c209/resource/20974ca2-68bf-4fe1-a020-d7e57616dd15/download/ward-wise-karmachari.xlsx'}
Could not determine topic or folder name for ward wise karmachari.xlsx. Skipping.
https://data.birgunjmun.gov.np/datasets/dms-birgunjmun-gov-np-dataset-new-group-1609904b-b25f-458e-8ba6-7ed7ee861da3 वीरगंज महानगरपालिका अन्तर्गतका वडा अध्यक्ष र कार्यपालिका सदस्यज्यूहरुको सम्पर्क नं. 2024-01-07 00:00:00
h4==previewbutton True
{'वडा अध्यक्ष तथा वडा सदस्यहरुको नामावली विवरण.xlsx': 'https://dms.birgunjmun.gov.np/dataset/403999ec-9f1e-49ac-8a33-99b1a3986b12/resource/1f204871-e26e-4a4c-8c1d-e48c85cac253/download/-.xlsx'}
Could not determine topic or folder name for वडा अध्यक्ष तथा वडा सदस्यहरुको नामावली विवरण.xlsx. Skipping.
https://data.birgunjmun.gov.np/datasets/national-census-digital-profile वीरगंज जनसकङ्ख्किक प्रतिवेदन 2024-09-13 00:00:00
h4==previewbutton True
HTTPConnectionPool(host='localhost', port=53021): Max retries exceeded with url: /session/05427109653f0699be22d43823b7a378/screenshot (Caused by ReadTimeoutError("HTTPConnectionPool(host='localhost', port=53021): Read timed out. (read timeout=120)"))
None
Traceback (most recent call last):
  File "/app/crawler/crawler.py", line 261, in <module>
    save_file_to_location(excel_title_links, city)
  File "/app/crawler/crawler.py", line 205, in save_file_to_location
    for key, url in excel_title_links.items():
AttributeError: 'NoneType' object has no attribute 'items'
