https://data.lekbeshimun.gov.np/datasets/health-dpt-data स्वास्थ्य कर्मचारी विवरण (२०७८-७९) (२०८०-०८१) 2024-10-30 00:00:00
h4==previewbutton True
Message: stale element reference: stale element not found
  (Session info: chrome=131.0.6778.139); For documentation on this error, please visit: https://www.selenium.dev/documentation/webdriver/troubleshooting/errors#stale-element-reference-exception
Stacktrace:
#0 0x64f54b5d831a <unknown>
#1 0x64f54b0ee6e0 <unknown>
#2 0x64f54b0fffbb <unknown>
#3 0x64f54b0fed45 <unknown>
#4 0x64f54b0f4d39 <unknown>
#5 0x64f54b0f4e65 <unknown>
#6 0x64f54b0f30a0 <unknown>
#7 0x64f54b0f6c3e <unknown>
#8 0x64f54b180f6c <unknown>
#9 0x64f54b161462 <unknown>
#10 0x64f54b17fed7 <unknown>
#11 0x64f54b161203 <unknown>
#12 0x64f54b12fcc0 <unknown>
#13 0x64f54b130c9e <unknown>
#14 0x64f54b5a5d0b <unknown>
#15 0x64f54b5a9c92 <unknown>
#16 0x64f54b592b3c <unknown>
#17 0x64f54b5aa807 <unknown>
#18 0x64f54b5780df <unknown>
#19 0x64f54b5c7578 <unknown>
#20 0x64f54b5c7740 <unknown>
#21 0x64f54b5d7196 <unknown>
#22 0x79126a6bb1c4 <unknown>

Message: stale element reference: stale element not found
  (Session info: chrome=131.0.6778.139); For documentation on this error, please visit: https://www.selenium.dev/documentation/webdriver/troubleshooting/errors#stale-element-reference-exception
Stacktrace:
#0 0x64f54b5d831a <unknown>
#1 0x64f54b0ee6e0 <unknown>
#2 0x64f54b0fffbb <unknown>
#3 0x64f54b0fed45 <unknown>
#4 0x64f54b0f4d39 <unknown>
#5 0x64f54b0f30a0 <unknown>
#6 0x64f54b0f6968 <unknown>
#7 0x64f54b0f69f3 <unknown>
#8 0x64f54b13f10a <unknown>
#9 0x64f54b131fee <unknown>
#10 0x64f54b161462 <unknown>
#11 0x64f54b131a18 <unknown>
#12 0x64f54b16162e <unknown>
#13 0x64f54b17fed7 <unknown>
#14 0x64f54b161203 <unknown>
#15 0x64f54b12fcc0 <unknown>
#16 0x64f54b130c9e <unknown>
#17 0x64f54b5a5d0b <unknown>
#18 0x64f54b5a9c92 <unknown>
#19 0x64f54b592b3c <unknown>
#20 0x64f54b5aa807 <unknown>
#21 0x64f54b5780df <unknown>
#22 0x64f54b5c7578 <unknown>
#23 0x64f54b5c7740 <unknown>
#24 0x64f54b5d7196 <unknown>
#25 0x79126a6bb1c4 <unknown>

{}
https://data.lekbeshimun.gov.np/datasets/progress-report लेकवेशी नगरपालिका प्रगति विवरण २०८१ ०८२ 2024-12-05 00:00:00
h4==previewbutton True
Message: 
Stacktrace:
#0 0x64f54b5d831a <unknown>
#1 0x64f54b0ee6e0 <unknown>
#2 0x64f54b13d3e6 <unknown>
#3 0x64f54b13d681 <unknown>
#4 0x64f54b182b04 <unknown>
#5 0x64f54b16148d <unknown>
#6 0x64f54b17fed7 <unknown>
#7 0x64f54b161203 <unknown>
#8 0x64f54b12fcc0 <unknown>
#9 0x64f54b130c9e <unknown>
#10 0x64f54b5a5d0b <unknown>
#11 0x64f54b5a9c92 <unknown>
#12 0x64f54b592b3c <unknown>
#13 0x64f54b5aa807 <unknown>
#14 0x64f54b5780df <unknown>
#15 0x64f54b5c7578 <unknown>
#16 0x64f54b5c7740 <unknown>
#17 0x64f54b5d7196 <unknown>
#18 0x79126a6bb1c4 <unknown>

{}
https://data.lekbeshimun.gov.np/datasets/administration-data लेकवेशी कर्मचारी विवरण २०७९ 2023-09-13 00:00:00
h4==previewbutton True
Message: element click intercepted: Element <button class="Resource_button__nx1fy">...</button> is not clickable at point (641, 1000). Other element would receive the click: <iframe title="PDF Preview" src="https://view.officeapps.live.com/op/embed.aspx?src=https://dms.birgunjmun.gov.np/dataset/fa9b618d-ad74-497c-8819-cc7d68f71bbd/resource/cdd4c6e1-8a2e-4622-9a71-61eccc98925a/download/anusuchi-22-5-barsa-vanda-badhi-umer-ko-sacharta-bibaran.xlsx" style="width: 100%; height: 94vh;"></iframe>
  (Session info: chrome=131.0.6778.139)
Stacktrace:
#0 0x64f54b5d831a <unknown>
#1 0x64f54b0ee6e0 <unknown>
#2 0x64f54b1440f6 <unknown>
#3 0x64f54b14205d <unknown>
#4 0x64f54b13f775 <unknown>
#5 0x64f54b13e92f <unknown>
#6 0x64f54b13229a <unknown>
#7 0x64f54b161462 <unknown>
#8 0x64f54b131a18 <unknown>
#9 0x64f54b16162e <unknown>
#10 0x64f54b17fed7 <unknown>
#11 0x64f54b161203 <unknown>
#12 0x64f54b12fcc0 <unknown>
#13 0x64f54b130c9e <unknown>
#14 0x64f54b5a5d0b <unknown>
#15 0x64f54b5a9c92 <unknown>
#16 0x64f54b592b3c <unknown>
#17 0x64f54b5aa807 <unknown>
#18 0x64f54b5780df <unknown>
#19 0x64f54b5c7578 <unknown>
#20 0x64f54b5c7740 <unknown>
#21 0x64f54b5d7196 <unknown>
#22 0x79126a6bb1c4 <unknown>

Message: element not interactable
  (Session info: chrome=131.0.6778.139)
Stacktrace:
#0 0x64f54b5d831a <unknown>
#1 0x64f54b0ee53d <unknown>
#2 0x64f54b13e54c <unknown>
#3 0x64f54b1320d5 <unknown>
#4 0x64f54b161462 <unknown>
#5 0x64f54b131a18 <unknown>
#6 0x64f54b16162e <unknown>
#7 0x64f54b17fed7 <unknown>
#8 0x64f54b161203 <unknown>
#9 0x64f54b12fcc0 <unknown>
#10 0x64f54b130c9e <unknown>
#11 0x64f54b5a5d0b <unknown>
#12 0x64f54b5a9c92 <unknown>
#13 0x64f54b592b3c <unknown>
#14 0x64f54b5aa807 <unknown>
#15 0x64f54b5780df <unknown>
#16 0x64f54b5c7578 <unknown>
#17 0x64f54b5c7740 <unknown>
#18 0x64f54b5d7196 <unknown>
#19 0x79126a6bb1c4 <unknown>

Message: element not interactable
  (Session info: chrome=131.0.6778.139)
Stacktrace:
#0 0x64f54b5d831a <unknown>
#1 0x64f54b0ee53d <unknown>
#2 0x64f54b13e54c <unknown>
#3 0x64f54b1320d5 <unknown>
#4 0x64f54b161462 <unknown>
#5 0x64f54b131a18 <unknown>
#6 0x64f54b16162e <unknown>
#7 0x64f54b17fed7 <unknown>
#8 0x64f54b161203 <unknown>
#9 0x64f54b12fcc0 <unknown>
#10 0x64f54b130c9e <unknown>
#11 0x64f54b5a5d0b <unknown>
#12 0x64f54b5a9c92 <unknown>
#13 0x64f54b592b3c <unknown>
#14 0x64f54b5aa807 <unknown>
#15 0x64f54b5780df <unknown>
#16 0x64f54b5c7578 <unknown>
#17 0x64f54b5c7740 <unknown>
#18 0x64f54b5d7196 <unknown>
#19 0x79126a6bb1c4 <unknown>

Message: element not interactable
  (Session info: chrome=131.0.6778.139)
Stacktrace:
#0 0x64f54b5d831a <unknown>
#1 0x64f54b0ee53d <unknown>
#2 0x64f54b13e54c <unknown>
#3 0x64f54b1320d5 <unknown>
#4 0x64f54b161462 <unknown>
#5 0x64f54b131a18 <unknown>
#6 0x64f54b16162e <unknown>
#7 0x64f54b17fed7 <unknown>
#8 0x64f54b161203 <unknown>
#9 0x64f54b12fcc0 <unknown>
#10 0x64f54b130c9e <unknown>
#11 0x64f54b5a5d0b <unknown>
#12 0x64f54b5a9c92 <unknown>
#13 0x64f54b592b3c <unknown>
#14 0x64f54b5aa807 <unknown>
#15 0x64f54b5780df <unknown>
#16 0x64f54b5c7578 <unknown>
#17 0x64f54b5c7740 <unknown>
#18 0x64f54b5d7196 <unknown>
#19 0x79126a6bb1c4 <unknown>

Message: element not interactable
  (Session info: chrome=131.0.6778.139)
Stacktrace:
#0 0x64f54b5d831a <unknown>
#1 0x64f54b0ee53d <unknown>
#2 0x64f54b13e54c <unknown>
#3 0x64f54b1320d5 <unknown>
#4 0x64f54b161462 <unknown>
#5 0x64f54b131a18 <unknown>
#6 0x64f54b16162e <unknown>
#7 0x64f54b17fed7 <unknown>
#8 0x64f54b161203 <unknown>
#9 0x64f54b12fcc0 <unknown>
#10 0x64f54b130c9e <unknown>
#11 0x64f54b5a5d0b <unknown>
#12 0x64f54b5a9c92 <unknown>
#13 0x64f54b592b3c <unknown>
#14 0x64f54b5aa807 <unknown>
#15 0x64f54b5780df <unknown>
#16 0x64f54b5c7578 <unknown>
#17 0x64f54b5c7740 <unknown>
#18 0x64f54b5d7196 <unknown>
#19 0x79126a6bb1c4 <unknown>

Message: element not interactable
  (Session info: chrome=131.0.6778.139)
Stacktrace:
#0 0x64f54b5d831a <unknown>
#1 0x64f54b0ee53d <unknown>
#2 0x64f54b13e54c <unknown>
#3 0x64f54b1320d5 <unknown>
#4 0x64f54b161462 <unknown>
#5 0x64f54b131a18 <unknown>
#6 0x64f54b16162e <unknown>
#7 0x64f54b17fed7 <unknown>
#8 0x64f54b161203 <unknown>
#9 0x64f54b12fcc0 <unknown>
#10 0x64f54b130c9e <unknown>
#11 0x64f54b5a5d0b <unknown>
#12 0x64f54b5a9c92 <unknown>
#13 0x64f54b592b3c <unknown>
#14 0x64f54b5aa807 <unknown>
#15 0x64f54b5780df <unknown>
#16 0x64f54b5c7578 <unknown>
#17 0x64f54b5c7740 <unknown>
#18 0x64f54b5d7196 <unknown>
#19 0x79126a6bb1c4 <unknown>

Message: element not interactable
  (Session info: chrome=131.0.6778.139)
Stacktrace:
#0 0x64f54b5d831a <unknown>
#1 0x64f54b0ee53d <unknown>
#2 0x64f54b13e54c <unknown>
#3 0x64f54b1320d5 <unknown>
#4 0x64f54b161462 <unknown>
#5 0x64f54b131a18 <unknown>
#6 0x64f54b16162e <unknown>
#7 0x64f54b17fed7 <unknown>
#8 0x64f54b161203 <unknown>
#9 0x64f54b12fcc0 <unknown>
#10 0x64f54b130c9e <unknown>
#11 0x64f54b5a5d0b <unknown>
#12 0x64f54b5a9c92 <unknown>
#13 0x64f54b592b3c <unknown>
#14 0x64f54b5aa807 <unknown>
#15 0x64f54b5780df <unknown>
#16 0x64f54b5c7578 <unknown>
#17 0x64f54b5c7740 <unknown>
#18 0x64f54b5d7196 <unknown>
#19 0x79126a6bb1c4 <unknown>

{'अनुसुचि १७ - ज्येष्ठ नागरिक र सामाजिक सुरक्षा भत्ता प्राप्त गर्न योग्य जनसङ्ख्याको वितरण': 'https://dms.birgunjmun.gov.np/dataset/fa9b618d-ad74-497c-8819-cc7d68f71bbd/resource/f4c26acf-deff-4deb-b31a-0251a4d5e49d/download/anusuchi-17-jesstha-nagrik-bhatta-khane-ko-sankhya.xlsx', 'अनुसुचि १८ - वडा अनुसार परिवारमुलिको विवरण': 'https://dms.birgunjmun.gov.np/dataset/fa9b618d-ad74-497c-8819-cc7d68f71bbd/resource/8687f1f2-c2a7-48cd-977f-f5cd8545404f/download/anusuchi-18-ward-anusar-pariwar-muliko-awastha.xlsx', 'अनुसुचि १९ - वडा अनुसार विवाह दर्ताको अवस्था': 'https://dms.birgunjmun.gov.np/dataset/fa9b618d-ad74-497c-8819-cc7d68f71bbd/resource/936878f2-7059-43dd-bb59-a9ef7df6f68a/download/anusuchi-19-ward-anusr-balbihawa-darta-ko-awastha.xlsx', 'अनुसुचि २० - वडा अनुसार १० वर्ष र सोभन्दा बढि ऊमेरका एकल महिलाको अवस्था': 'https://dms.birgunjmun.gov.np/dataset/fa9b618d-ad74-497c-8819-cc7d68f71bbd/resource/6041b2ee-dc25-43ee-9059-3d67048c8685/download/anusuchi-20-ward-anusar-10-barsa-vanda-kam-umer-ko-akal-mahila.xlsx', 'अनुसुचि २१ - वडा अनुसार अपाङ्गता भएका व्यक्तिको दर': 'https://dms.birgunjmun.gov.np/dataset/fa9b618d-ad74-497c-8819-cc7d68f71bbd/resource/11fe060f-3333-4038-92bc-c8fa276858b5/download/anusuchi-21-ward-anusar-apangta-byakti-haru-bibaran.xlsx', 'अनुसुचि २२ - ५ वर्ष र सोभन्दा बढि ऊमेरको साक्षरता विवरण': 'https://dms.birgunjmun.gov.np/dataset/fa9b618d-ad74-497c-8819-cc7d68f71bbd/resource/cdd4c6e1-8a2e-4622-9a71-61eccc98925a/download/anusuchi-22-5-barsa-vanda-badhi-umer-ko-sacharta-bibaran.xlsx', 'अनुसुचि २३ - वडा अनुसार बालबालिकाको साक्षरता दर': 'https://dms.birgunjmun.gov.np/dataset/fa9b618d-ad74-497c-8819-cc7d68f71bbd/resource/abde6860-a5d6-4102-b0dc-b4c9a552b494/download/anusuchi-.xlsx', 'अनुसुचि २४ - ५ देखि २५ वर्षका हाल स्कुल गईरहेको वा विगतमा गएको वा कहिल्यै नगएको विवरण': 'https://dms.birgunjmun.gov.np/dataset/fa9b618d-ad74-497c-8819-cc7d68f71bbd/resource/ad264576-52d4-47b2-b8e7-65fdbefa5ab3/download/anusuchi-24-5-barsa-dekhi-25-barsa-samma-school-gaeraheka-bigat-ma-gayeka-ra-kahilai-nagayeka-s.xlsx', 'अनुसुचि २५ - वडा अनुसार ५ देखि २५ वर्षका स्कुल कलेज भाहिर रहेका व्यक्तिहरुको विवरण': 'https://dms.birgunjmun.gov.np/dataset/fa9b618d-ad74-497c-8819-cc7d68f71bbd/resource/f46ec2e5-a79b-4603-967a-d3ab38511894/download/-.xlsx'}
Could not determine topic or folder name for अनुसुचि १७ - ज्येष्ठ नागरिक र सामाजिक सुरक्षा भत्ता प्राप्त गर्न योग्य जनसङ्ख्याको वितरण. Skipping.
Could not determine topic or folder name for अनुसुचि १८ - वडा अनुसार परिवारमुलिको विवरण. Skipping.
Could not determine topic or folder name for अनुसुचि १९ - वडा अनुसार विवाह दर्ताको अवस्था. Skipping.
Could not determine topic or folder name for अनुसुचि २० - वडा अनुसार १० वर्ष र सोभन्दा बढि ऊमेरका एकल महिलाको अवस्था. Skipping.
Could not determine topic or folder name for अनुसुचि २१ - वडा अनुसार अपाङ्गता भएका व्यक्तिको दर. Skipping.
Could not determine topic or folder name for अनुसुचि २२ - ५ वर्ष र सोभन्दा बढि ऊमेरको साक्षरता विवरण. Skipping.
Could not determine topic or folder name for अनुसुचि २३ - वडा अनुसार बालबालिकाको साक्षरता दर. Skipping.
Could not determine topic or folder name for अनुसुचि २४ - ५ देखि २५ वर्षका हाल स्कुल गईरहेको वा विगतमा गएको वा कहिल्यै नगएको विवरण. Skipping.
Could not determine topic or folder name for अनुसुचि २५ - वडा अनुसार ५ देखि २५ वर्षका स्कुल कलेज भाहिर रहेका व्यक्तिहरुको विवरण. Skipping.
https://data.lekbeshimun.gov.np/datasets/land-department-data-set पूर्जा बितरण  २०८०/०८१ 2024-12-05 00:00:00
h4==previewbutton True
{'जग्गाको विवरण.xlsx': 'https://dms.lekbeshimun.gov.np/dataset/92f3fa71-7233-4581-aa38-a3017e6adc5a/resource/9d4faa6e-78df-4d75-b5b2-35afadd41433/download/book1-.xlsx'}
Could not determine topic or folder name for जग्गाको विवरण.xlsx. Skipping.
https://data.lekbeshimun.gov.np/datasets/firt-progress-report पहिलो त्रैमासिक विवरण २०८१-०८२ 2024-12-05 00:00:00
h4==previewbutton True
Message: stale element reference: stale element not found
  (Session info: chrome=131.0.6778.139); For documentation on this error, please visit: https://www.selenium.dev/documentation/webdriver/troubleshooting/errors#stale-element-reference-exception
Stacktrace:
#0 0x64f54b5d831a <unknown>
#1 0x64f54b0ee6e0 <unknown>
#2 0x64f54b0fffbb <unknown>
#3 0x64f54b0fed45 <unknown>
#4 0x64f54b0f4d39 <unknown>
#5 0x64f54b0f4e65 <unknown>
#6 0x64f54b0f30a0 <unknown>
#7 0x64f54b0f6c3e <unknown>
#8 0x64f54b180f6c <unknown>
#9 0x64f54b161462 <unknown>
#10 0x64f54b17fed7 <unknown>
#11 0x64f54b161203 <unknown>
#12 0x64f54b12fcc0 <unknown>
#13 0x64f54b130c9e <unknown>
#14 0x64f54b5a5d0b <unknown>
#15 0x64f54b5a9c92 <unknown>
#16 0x64f54b592b3c <unknown>
#17 0x64f54b5aa807 <unknown>
#18 0x64f54b5780df <unknown>
#19 0x64f54b5c7578 <unknown>
#20 0x64f54b5c7740 <unknown>
#21 0x64f54b5d7196 <unknown>
#22 0x79126a6bb1c4 <unknown>

{}
https://data.lekbeshimun.gov.np/datasets/data-of-agriculture कृषि कार्यक्रम तथा बजेट विवरण २०८१-०८२ 2024-11-27 00:00:00
h4==previewbutton True
Message: stale element reference: stale element not found in the current frame
  (Session info: chrome=131.0.6778.139); For documentation on this error, please visit: https://www.selenium.dev/documentation/webdriver/troubleshooting/errors#stale-element-reference-exception
Stacktrace:
#0 0x64f54b5d831a <unknown>
#1 0x64f54b0ee6e0 <unknown>
#2 0x64f54b0f44a3 <unknown>
#3 0x64f54b0f6c3e <unknown>
#4 0x64f54b180f6c <unknown>
#5 0x64f54b161462 <unknown>
#6 0x64f54b17fed7 <unknown>
#7 0x64f54b161203 <unknown>
#8 0x64f54b12fcc0 <unknown>
#9 0x64f54b130c9e <unknown>
#10 0x64f54b5a5d0b <unknown>
#11 0x64f54b5a9c92 <unknown>
#12 0x64f54b592b3c <unknown>
#13 0x64f54b5aa807 <unknown>
#14 0x64f54b5780df <unknown>
#15 0x64f54b5c7578 <unknown>
#16 0x64f54b5c7740 <unknown>
#17 0x64f54b5d7196 <unknown>
#18 0x79126a6bb1c4 <unknown>

{'आ.व २०८१/०८२ पहिलो त्रैमासिक प्रगति विवरण ।': 'https://dms.lekbeshimun.gov.np/dataset/75ad178d-06d7-4395-9634-a67b7a1c9c34/resource/bc5dfb05-211f-476b-8535-ad3b24f21686/download/-37.xlsx'}
Could not determine topic or folder name for आ.व २०८१/०८२ पहिलो त्रैमासिक प्रगति विवरण ।. Skipping.
https://data.tulsipurmun.gov.np/datasets/wardwise-disability-id-card-data Wardwise Disability ID Card Data 2024-07-19 00:00:00
h4==previewbutton True
{'अनुसूची १-९ पारिवारिक विवरण .xlsx': 'https://dms.birgunjmun.gov.np/dataset/dd8ab9e0-478b-485c-bed0-26b4d341e795/resource/fdce3f81-c2a3-483b-aa88-82d8f62864aa/download/anusuchi-1-9-pariwarik-bibaran.xlsx'}
Could not determine topic or folder name for अनुसूची १-९ पारिवारिक विवरण .xlsx. Skipping.
https://data.tulsipurmun.gov.np/datasets/tulsipur-students-details Tulsipur Students Details- 2080 2024-09-26 00:00:00
h4==previewbutton True
{"Tulsipur Students' Details 2080": 'https://dms.tulsipurmun.gov.np/dataset/8b0d64f1-98e7-4fe1-8317-c739b7badf47/resource/5f7f82e2-bbe4-474f-b240-014c58896f04/download/student-details-of-public-school.xlsx'}
Could not determine topic or folder name for Tulsipur Students' Details 2080. Skipping.
https://data.tulsipurmun.gov.np/datasets/students-drop-out-record-2078 Students'  Drop Out Record 2078 2024-07-23 00:00:00
Traceback (most recent call last):
  File "/app/backend/crawler/crawler.py", line 277, in <module>
    excel_title_links=get_excel_links(a_href, a_text, modified_date)
  File "/app/backend/crawler/crawler.py", line 130, in get_excel_links
    driver.get(a_href)  # Replace with the actual URL
  File "/usr/local/lib/python3.10/site-packages/selenium/webdriver/remote/webdriver.py", line 389, in get
    self.execute(Command.GET, {"url": url})
  File "/usr/local/lib/python3.10/site-packages/selenium/webdriver/remote/webdriver.py", line 380, in execute
    self.error_handler.check_response(response)
  File "/usr/local/lib/python3.10/site-packages/selenium/webdriver/remote/errorhandler.py", line 229, in check_response
    raise exception_class(message, screen, stacktrace)
selenium.common.exceptions.WebDriverException: Message: disconnected: not connected to DevTools
  (failed to check if window was closed: disconnected: not connected to DevTools)
  (Session info: chrome=131.0.6778.139)
Stacktrace:
#0 0x64f54b5d831a <unknown>
#1 0x64f54b0ee6e0 <unknown>
#2 0x64f54b0d5435 <unknown>
#3 0x64f54b0d5313 <unknown>
#4 0x64f54b0f0a02 <unknown>
#5 0x64f54b17f8b6 <unknown>
#6 0x64f54b161203 <unknown>
#7 0x64f54b12fcc0 <unknown>
#8 0x64f54b130c9e <unknown>
#9 0x64f54b5a5d0b <unknown>
#10 0x64f54b5a9c92 <unknown>
#11 0x64f54b592b3c <unknown>
#12 0x64f54b5aa807 <unknown>
#13 0x64f54b5780df <unknown>
#14 0x64f54b5c7578 <unknown>
#15 0x64f54b5c7740 <unknown>
#16 0x64f54b5d7196 <unknown>
#17 0x79126a6bb1c4 <unknown>

