https://data.lekbeshimun.gov.np/datasets/health-dpt-data स्वास्थ्य कर्मचारी विवरण (२०७८-७९) (२०८०-०८१) 2024-10-30 00:00:00
h4==previewbutton True
Message: stale element reference: stale element not found
  (Session info: chrome=131.0.6778.139); For documentation on this error, please visit: https://www.selenium.dev/documentation/webdriver/troubleshooting/errors#stale-element-reference-exception
Stacktrace:
#0 0x576d6270d31a <unknown>
#1 0x576d622236e0 <unknown>
#2 0x576d62234fbb <unknown>
#3 0x576d62233d45 <unknown>
#4 0x576d62229d39 <unknown>
#5 0x576d62229e65 <unknown>
#6 0x576d622280a0 <unknown>
#7 0x576d6222bc3e <unknown>
#8 0x576d622b5f6c <unknown>
#9 0x576d62296462 <unknown>
#10 0x576d622b4ed7 <unknown>
#11 0x576d62296203 <unknown>
#12 0x576d62264cc0 <unknown>
#13 0x576d62265c9e <unknown>
#14 0x576d626dad0b <unknown>
#15 0x576d626dec92 <unknown>
#16 0x576d626c7b3c <unknown>
#17 0x576d626df807 <unknown>
#18 0x576d626ad0df <unknown>
#19 0x576d626fc578 <unknown>
#20 0x576d626fc740 <unknown>
#21 0x576d6270c196 <unknown>
#22 0x7086be12c1c4 <unknown>

{'स्वास्थ्य कर्मचारी विवरण (२०८०-०८१)': 'https://dms.lekbeshimun.gov.np/dataset/e4a37dfb-f978-46b4-b402-9cdacc08e972/resource/cd7a5513-ee59-48cc-8655-a07315b366e3/download/-copy-2.xlsx'}
File '/app/backend/data/lekbeshi/health_employee_details/2080-81/स्वास्थ्य कर्मचारी विवरण (२०८०-०८१).xlsx' already exists.
--2024-12-16 10:48:26--  https://dms.lekbeshimun.gov.np/dataset/e4a37dfb-f978-46b4-b402-9cdacc08e972/resource/cd7a5513-ee59-48cc-8655-a07315b366e3/download/-copy-2.xlsx
Resolving dms.lekbeshimun.gov.np (dms.lekbeshimun.gov.np)... 103.175.192.149
Connecting to dms.lekbeshimun.gov.np (dms.lekbeshimun.gov.np)|103.175.192.149|:443... connected.
HTTP request sent, awaiting response... 200 OK
Length: 24444 (24K) [application/vnd.openxmlformats-officedocument.spreadsheetml.sheet]
Saving to: ‘/tmp/tmpwnjxizga/temp.xlsx’

     0K .......... .......... ...                             100%  170M=0s

2024-12-16 10:48:26 (170 MB/s) - ‘/tmp/tmpwnjxizga/temp.xlsx’ saved [24444/24444]

File 'स्वास्थ्य कर्मचारी विवरण (२०८०-०८१).xlsx' hasn't been modified. Skipping replacing
https://data.lekbeshimun.gov.np/datasets/progress-report लेकवेशी नगरपालिका प्रगति विवरण २०८१ ०८२ 2024-12-05 00:00:00
h4==previewbutton True
Message: stale element reference: stale element not found in the current frame
  (Session info: chrome=131.0.6778.139); For documentation on this error, please visit: https://www.selenium.dev/documentation/webdriver/troubleshooting/errors#stale-element-reference-exception
Stacktrace:
#0 0x576d6270d31a <unknown>
#1 0x576d622236e0 <unknown>
#2 0x576d622294a3 <unknown>
#3 0x576d6222bc3e <unknown>
#4 0x576d622b5f6c <unknown>
#5 0x576d62296462 <unknown>
#6 0x576d622b4ed7 <unknown>
#7 0x576d62296203 <unknown>
#8 0x576d62264cc0 <unknown>
#9 0x576d62265c9e <unknown>
#10 0x576d626dad0b <unknown>
#11 0x576d626dec92 <unknown>
#12 0x576d626c7b3c <unknown>
#13 0x576d626df807 <unknown>
#14 0x576d626ad0df <unknown>
#15 0x576d626fc578 <unknown>
#16 0x576d626fc740 <unknown>
#17 0x576d6270c196 <unknown>
#18 0x7086be12c1c4 <unknown>

{'ward wise karmachari.xlsx': 'https://dms.birgunjmun.gov.np/dataset/0f814717-38e3-4bf7-9677-5bef0fe7c209/resource/20974ca2-68bf-4fe1-a020-d7e57616dd15/download/ward-wise-karmachari.xlsx'}
Could not determine topic or folder name for ward wise karmachari.xlsx. Skipping.
https://data.lekbeshimun.gov.np/datasets/administration-data लेकवेशी कर्मचारी विवरण २०७९ 2023-09-13 00:00:00
h4==previewbutton True
{'लेकवेशी कर्मचारी विवरण २०७९.xlsx': 'https://dms.lekbeshimun.gov.np/dataset/c8784466-9ae2-496e-a8a3-d17dd6fd8128/resource/0aa4f7c4-bfa3-4289-a8e1-9373a2fe3f34/download/-.xlsx'}
Could not determine topic or folder name for लेकवेशी कर्मचारी विवरण २०७९.xlsx. Skipping.
https://data.lekbeshimun.gov.np/datasets/land-department-data-set पूर्जा बितरण  २०८०/०८१ 2024-12-05 00:00:00
h4==previewbutton True
{'जग्गाको विवरण.xlsx': 'https://dms.lekbeshimun.gov.np/dataset/92f3fa71-7233-4581-aa38-a3017e6adc5a/resource/9d4faa6e-78df-4d75-b5b2-35afadd41433/download/book1-.xlsx'}
Could not determine topic or folder name for जग्गाको विवरण.xlsx. Skipping.
https://data.lekbeshimun.gov.np/datasets/firt-progress-report पहिलो त्रैमासिक विवरण २०८१-०८२ 2024-12-05 00:00:00
h4==previewbutton True
{'पहिलो त्रैमासिक विवरण २०८१-०८२': 'https://dms.lekbeshimun.gov.np/dataset/2b1cbb82-a45e-46bf-bbb5-afdc25394eb0/resource/1cc8b704-9e91-47f4-8bad-fee82a91a288/download/-.xlsx'}
Could not determine topic or folder name for पहिलो त्रैमासिक विवरण २०८१-०८२. Skipping.
https://data.lekbeshimun.gov.np/datasets/data-of-agriculture कृषि कार्यक्रम तथा बजेट विवरण २०८१-०८२ 2024-11-27 00:00:00
h4==previewbutton True
{'आ.व २०८१/०८२ पहिलो त्रैमासिक प्रगति विवरण ।': 'https://dms.lekbeshimun.gov.np/dataset/75ad178d-06d7-4395-9634-a67b7a1c9c34/resource/bc5dfb05-211f-476b-8535-ad3b24f21686/download/-37.xlsx'}
Could not determine topic or folder name for आ.व २०८१/०८२ पहिलो त्रैमासिक प्रगति विवरण ।. Skipping.
https://data.tulsipurmun.gov.np/datasets/wardwise-disability-id-card-data Wardwise Disability ID Card Data 2024-07-19 00:00:00
h4==previewbutton True
Message: stale element reference: stale element not found in the current frame
  (Session info: chrome=131.0.6778.139); For documentation on this error, please visit: https://www.selenium.dev/documentation/webdriver/troubleshooting/errors#stale-element-reference-exception
Stacktrace:
#0 0x576d6270d31a <unknown>
#1 0x576d622236e0 <unknown>
#2 0x576d622294a3 <unknown>
#3 0x576d6222bc3e <unknown>
#4 0x576d622b5f6c <unknown>
#5 0x576d62296462 <unknown>
#6 0x576d622b4ed7 <unknown>
#7 0x576d62296203 <unknown>
#8 0x576d62264cc0 <unknown>
#9 0x576d62265c9e <unknown>
#10 0x576d626dad0b <unknown>
#11 0x576d626dec92 <unknown>
#12 0x576d626c7b3c <unknown>
#13 0x576d626df807 <unknown>
#14 0x576d626ad0df <unknown>
#15 0x576d626fc578 <unknown>
#16 0x576d626fc740 <unknown>
#17 0x576d6270c196 <unknown>
#18 0x7086be12c1c4 <unknown>

{'PROGRESS REPORT OF PMEP 2079-80': 'https://dms.birgunjmun.gov.np/dataset/5d9188a4-c99d-4fb9-977c-a297ae0fe055/resource/f8a5f676-bf62-46b4-b3c4-95aa4eb7985e/download/pmep-2079-80.xlsx'}
Could not determine topic or folder name for PROGRESS REPORT OF PMEP 2079-80. Skipping.
https://data.tulsipurmun.gov.np/datasets/tulsipur-students-details Tulsipur Students Details- 2080 2024-09-26 00:00:00
h4==previewbutton True
{"Tulsipur Students' Details 2080": 'https://dms.tulsipurmun.gov.np/dataset/8b0d64f1-98e7-4fe1-8317-c739b7badf47/resource/5f7f82e2-bbe4-474f-b240-014c58896f04/download/student-details-of-public-school.xlsx'}
Could not determine topic or folder name for Tulsipur Students' Details 2080. Skipping.
https://data.tulsipurmun.gov.np/datasets/students-drop-out-record-2078 Students'  Drop Out Record 2078 2024-07-23 00:00:00
h4==previewbutton True
{"Student's drop out 2079 xlsx": 'https://dms.tulsipurmun.gov.np/dataset/95744137-bf74-4653-98f3-4fad95075368/resource/4894388d-1483-4942-bc16-6e94eeed2260/download/download.xlsx'}
Could not determine topic or folder name for Student's drop out 2079 xlsx. Skipping.
https://data.tulsipurmun.gov.np/datasets/students-details-of-private-school-of-2080-of-tulsipur-submetropolitican-city Students Details of Private School of 2080 of Tulsipur Submetropolitican City 2024-09-18 00:00:00
Traceback (most recent call last):
  File "/app/backend/crawler/crawler.py", line 277, in <module>
    excel_title_links=get_excel_links(a_href, a_text, modified_date)
  File "/app/backend/crawler/crawler.py", line 130, in get_excel_links
    driver.get(a_href)  # Replace with the actual URL
  File "/usr/local/lib/python3.10/site-packages/selenium/webdriver/remote/webdriver.py", line 389, in get
    self.execute(Command.GET, {"url": url})
  File "/usr/local/lib/python3.10/site-packages/selenium/webdriver/remote/webdriver.py", line 380, in execute
    self.error_handler.check_response(response)
  File "/usr/local/lib/python3.10/site-packages/selenium/webdriver/remote/errorhandler.py", line 229, in check_response
    raise exception_class(message, screen, stacktrace)
selenium.common.exceptions.WebDriverException: Message: disconnected: not connected to DevTools
  (failed to check if window was closed: disconnected: not connected to DevTools)
  (Session info: chrome=131.0.6778.139)
Stacktrace:
#0 0x576d6270d31a <unknown>
#1 0x576d622236e0 <unknown>
#2 0x576d6220a435 <unknown>
#3 0x576d6220a313 <unknown>
#4 0x576d62225a02 <unknown>
#5 0x576d622b48b6 <unknown>
#6 0x576d62296203 <unknown>
#7 0x576d62264cc0 <unknown>
#8 0x576d62265c9e <unknown>
#9 0x576d626dad0b <unknown>
#10 0x576d626dec92 <unknown>
#11 0x576d626c7b3c <unknown>
#12 0x576d626df807 <unknown>
#13 0x576d626ad0df <unknown>
#14 0x576d626fc578 <unknown>
#15 0x576d626fc740 <unknown>
#16 0x576d6270c196 <unknown>
#17 0x7086be12c1c4 <unknown>

