https://data.lekbeshimun.gov.np/datasets/health-dpt-data स्वास्थ्य कर्मचारी विवरण (२०७८-७९) (२०८०-०८१) 2024-10-30 00:00:00
h4==previewbutton True
Message: stale element reference: stale element not found
  (Session info: chrome=131.0.6778.139); For documentation on this error, please visit: https://www.selenium.dev/documentation/webdriver/troubleshooting/errors#stale-element-reference-exception
Stacktrace:
#0 0x5bb546e4131a <unknown>
#1 0x5bb5469576e0 <unknown>
#2 0x5bb546968fbb <unknown>
#3 0x5bb546967d45 <unknown>
#4 0x5bb54695dd39 <unknown>
#5 0x5bb54695de65 <unknown>
#6 0x5bb54695c0a0 <unknown>
#7 0x5bb54695fc3e <unknown>
#8 0x5bb5469e9f6c <unknown>
#9 0x5bb5469ca462 <unknown>
#10 0x5bb5469e8ed7 <unknown>
#11 0x5bb5469ca203 <unknown>
#12 0x5bb546998cc0 <unknown>
#13 0x5bb546999c9e <unknown>
#14 0x5bb546e0ed0b <unknown>
#15 0x5bb546e12c92 <unknown>
#16 0x5bb546dfbb3c <unknown>
#17 0x5bb546e13807 <unknown>
#18 0x5bb546de10df <unknown>
#19 0x5bb546e30578 <unknown>
#20 0x5bb546e30740 <unknown>
#21 0x5bb546e40196 <unknown>
#22 0x728b9b08e1c4 <unknown>

{'स्वास्थ्य कर्मचारी विवरण (२०८०-०८१)': 'https://dms.lekbeshimun.gov.np/dataset/e4a37dfb-f978-46b4-b402-9cdacc08e972/resource/cd7a5513-ee59-48cc-8655-a07315b366e3/download/-copy-2.xlsx'}
File '/app/backend/data/lekbeshi/health_employee_details/2080-81/स्वास्थ्य कर्मचारी विवरण (२०८०-०८१).xlsx' already exists.
--2024-12-16 11:07:12--  https://dms.lekbeshimun.gov.np/dataset/e4a37dfb-f978-46b4-b402-9cdacc08e972/resource/cd7a5513-ee59-48cc-8655-a07315b366e3/download/-copy-2.xlsx
Resolving dms.lekbeshimun.gov.np (dms.lekbeshimun.gov.np)... 103.175.192.149
Connecting to dms.lekbeshimun.gov.np (dms.lekbeshimun.gov.np)|103.175.192.149|:443... connected.
HTTP request sent, awaiting response... 200 OK
Length: 24444 (24K) [application/vnd.openxmlformats-officedocument.spreadsheetml.sheet]
Saving to: ‘/tmp/tmpscy7dyvi/temp.xlsx’

     0K .......... .......... ...                             100%  329M=0s

2024-12-16 11:07:13 (329 MB/s) - ‘/tmp/tmpscy7dyvi/temp.xlsx’ saved [24444/24444]

File 'स्वास्थ्य कर्मचारी विवरण (२०८०-०८१).xlsx' hasn't been modified. Skipping replacing
https://data.lekbeshimun.gov.np/datasets/progress-report लेकवेशी नगरपालिका प्रगति विवरण २०८१ ०८२ 2024-12-05 00:00:00
h4==previewbutton True
Message: 
Stacktrace:
#0 0x5bb546e4131a <unknown>
#1 0x5bb5469576e0 <unknown>
#2 0x5bb5469a63e6 <unknown>
#3 0x5bb5469a6681 <unknown>
#4 0x5bb5469ebb04 <unknown>
#5 0x5bb5469ca48d <unknown>
#6 0x5bb5469e8ed7 <unknown>
#7 0x5bb5469ca203 <unknown>
#8 0x5bb546998cc0 <unknown>
#9 0x5bb546999c9e <unknown>
#10 0x5bb546e0ed0b <unknown>
#11 0x5bb546e12c92 <unknown>
#12 0x5bb546dfbb3c <unknown>
#13 0x5bb546e13807 <unknown>
#14 0x5bb546de10df <unknown>
#15 0x5bb546e30578 <unknown>
#16 0x5bb546e30740 <unknown>
#17 0x5bb546e40196 <unknown>
#18 0x728b9b08e1c4 <unknown>

{}
https://data.lekbeshimun.gov.np/datasets/administration-data लेकवेशी कर्मचारी विवरण २०७९ 2023-09-13 00:00:00
h4==previewbutton True
{'लेकवेशी कर्मचारी विवरण २०७९.xlsx': 'https://dms.lekbeshimun.gov.np/dataset/c8784466-9ae2-496e-a8a3-d17dd6fd8128/resource/0aa4f7c4-bfa3-4289-a8e1-9373a2fe3f34/download/-.xlsx'}
Could not determine topic or folder name for लेकवेशी कर्मचारी विवरण २०७९.xlsx. Skipping.
https://data.lekbeshimun.gov.np/datasets/land-department-data-set पूर्जा बितरण  २०८०/०८१ 2024-12-05 00:00:00
h4==previewbutton True
{'जग्गाको विवरण.xlsx': 'https://dms.lekbeshimun.gov.np/dataset/92f3fa71-7233-4581-aa38-a3017e6adc5a/resource/9d4faa6e-78df-4d75-b5b2-35afadd41433/download/book1-.xlsx'}
Could not determine topic or folder name for जग्गाको विवरण.xlsx. Skipping.
https://data.lekbeshimun.gov.np/datasets/firt-progress-report पहिलो त्रैमासिक विवरण २०८१-०८२ 2024-12-05 00:00:00
h4==previewbutton True
{"Tulsipur Students' Details 2080": 'https://dms.tulsipurmun.gov.np/dataset/8b0d64f1-98e7-4fe1-8317-c739b7badf47/resource/5f7f82e2-bbe4-474f-b240-014c58896f04/download/student-details-of-public-school.xlsx'}
Could not determine topic or folder name for Tulsipur Students' Details 2080. Skipping.
https://data.lekbeshimun.gov.np/datasets/data-of-agriculture कृषि कार्यक्रम तथा बजेट विवरण २०८१-०८२ 2024-11-27 00:00:00
h4==previewbutton True
{"Student's drop out 2079 xlsx": 'https://dms.tulsipurmun.gov.np/dataset/95744137-bf74-4653-98f3-4fad95075368/resource/4894388d-1483-4942-bc16-6e94eeed2260/download/download.xlsx'}
Could not determine topic or folder name for Student's drop out 2079 xlsx. Skipping.
https://data.tulsipurmun.gov.np/datasets/wardwise-disability-id-card-data Wardwise Disability ID Card Data 2024-07-19 00:00:00
h4==previewbutton True
{'Disability ID Card Report upto fiscal year 2080.81.xlsx': 'https://dms.tulsipurmun.gov.np/dataset/bbbd7b66-2d8e-4bfd-b9ed-d2f7679cf599/resource/3f95728f-916d-417d-9557-e67abdbd7110/download/disability-id-card-report-upto-fiscal-year-2080.81.xlsx'}
Could not determine topic or folder name for Disability ID Card Report upto fiscal year 2080.81.xlsx. Skipping.
https://data.tulsipurmun.gov.np/datasets/tulsipur-students-details Tulsipur Students Details- 2080 2024-09-26 00:00:00
h4==previewbutton True
Message: stale element reference: stale element not found in the current frame
  (Session info: chrome=131.0.6778.139); For documentation on this error, please visit: https://www.selenium.dev/documentation/webdriver/troubleshooting/errors#stale-element-reference-exception
Stacktrace:
#0 0x5bb546e4131a <unknown>
#1 0x5bb5469576e0 <unknown>
#2 0x5bb54695d4a3 <unknown>
#3 0x5bb54695fc3e <unknown>
#4 0x5bb5469e9f6c <unknown>
#5 0x5bb5469ca462 <unknown>
#6 0x5bb5469e8ed7 <unknown>
#7 0x5bb5469ca203 <unknown>
#8 0x5bb546998cc0 <unknown>
#9 0x5bb546999c9e <unknown>
#10 0x5bb546e0ed0b <unknown>
#11 0x5bb546e12c92 <unknown>
#12 0x5bb546dfbb3c <unknown>
#13 0x5bb546e13807 <unknown>
#14 0x5bb546de10df <unknown>
#15 0x5bb546e30578 <unknown>
#16 0x5bb546e30740 <unknown>
#17 0x5bb546e40196 <unknown>
#18 0x728b9b08e1c4 <unknown>

{'Student Details Public School 2081.xlsx': 'https://dms.tulsipurmun.gov.np/dataset/ea14d613-e2b1-47c6-be15-216b1d0a6ec7/resource/3bd5c726-c6c8-4526-a6bf-4fa224ffedd7/download/student-details-public-school-2081.xlsx'}
Could not determine topic or folder name for Student Details Public School 2081.xlsx. Skipping.
https://data.tulsipurmun.gov.np/datasets/students-drop-out-record-2078 Students'  Drop Out Record 2078 2024-07-23 00:00:00
h4==previewbutton True
{"Student's drop out 2079 xlsx": 'https://dms.tulsipurmun.gov.np/dataset/95744137-bf74-4653-98f3-4fad95075368/resource/4894388d-1483-4942-bc16-6e94eeed2260/download/download.xlsx'}
Could not determine topic or folder name for Student's drop out 2079 xlsx. Skipping.
https://data.tulsipurmun.gov.np/datasets/students-details-of-private-school-of-2080-of-tulsipur-submetropolitican-city Students Details of Private School of 2080 of Tulsipur Submetropolitican City 2024-09-18 00:00:00
h4==previewbutton True
{'School Teacher Report.xlsx': 'https://dms.tulsipurmun.gov.np/dataset/0e2290cb-d9b6-46f3-b936-8dc154e09974/resource/7e67c800-7351-472c-8db4-e857f5befe8a/download/school-teacher-report.xlsx'}
Could not determine topic or folder name for School Teacher Report.xlsx. Skipping.
https://data.tulsipurmun.gov.np/datasets/students-details-of-public-school-of-the-year-2081-of-tulsipur-sub-metropolitican-city Students Details Of Public School Of the year 2081 of Tulsipur Sub metropolitican City 2024-09-18 00:00:00
h4==previewbutton True
{'Repeaters students 2079': 'https://dms.tulsipurmun.gov.np/dataset/b2f036de-8dc8-430b-b9eb-5e1d4079a999/resource/52aac690-4a6c-4543-9e4b-3a78f915993f/download/repeaters-2079.xlsx'}
Could not determine topic or folder name for Repeaters students 2079. Skipping.
https://data.tulsipurmun.gov.np/datasets/social-security-3trimester-report Social Security Third Trimester Report of FY 2080/81 2024-10-25 00:00:00
h4==previewbutton True
{'Relief Distribution on FY 2080/81': 'https://dms.tulsipurmun.gov.np/dataset/038c19dc-6cdb-4930-b6b8-25651b5804a4/resource/ec973e71-07db-4a6a-9cd5-d5d6d0bf0470/download/relief-distribution-data.xlsx'}
Could not determine topic or folder name for Relief Distribution on FY 2080/81. Skipping.
https://data.tulsipurmun.gov.np/datasets/school-teacher-report School Teacher Report 2077 2024-07-24 00:00:00
h4==previewbutton True
Message: stale element reference: stale element not found in the current frame
  (Session info: chrome=131.0.6778.139); For documentation on this error, please visit: https://www.selenium.dev/documentation/webdriver/troubleshooting/errors#stale-element-reference-exception
Stacktrace:
#0 0x5bb546e4131a <unknown>
#1 0x5bb5469576e0 <unknown>
#2 0x5bb54695d4a3 <unknown>
#3 0x5bb54695fc3e <unknown>
#4 0x5bb5469e9f6c <unknown>
#5 0x5bb5469ca462 <unknown>
#6 0x5bb5469e8ed7 <unknown>
#7 0x5bb5469ca203 <unknown>
#8 0x5bb546998cc0 <unknown>
#9 0x5bb546999c9e <unknown>
#10 0x5bb546e0ed0b <unknown>
#11 0x5bb546e12c92 <unknown>
#12 0x5bb546dfbb3c <unknown>
#13 0x5bb546e13807 <unknown>
#14 0x5bb546de10df <unknown>
#15 0x5bb546e30578 <unknown>
#16 0x5bb546e30740 <unknown>
#17 0x5bb546e40196 <unknown>
#18 0x728b9b08e1c4 <unknown>

{'Promoters students 2079': 'https://dms.tulsipurmun.gov.np/dataset/b3c2fd38-9639-4ca2-9fcf-2a9c43bc00bc/resource/eef01793-0fa0-4099-84e1-6376e145700c/download/promoters-2079.xlsx'}
Could not determine topic or folder name for Promoters students 2079. Skipping.
https://data.tulsipurmun.gov.np/datasets/repeaters-students-2079 Repeaters students- 2079 2024-07-23 00:00:00
h4==previewbutton True
{'Repeaters students 2079': 'https://dms.tulsipurmun.gov.np/dataset/b2f036de-8dc8-430b-b9eb-5e1d4079a999/resource/52aac690-4a6c-4543-9e4b-3a78f915993f/download/repeaters-2079.xlsx'}
Could not determine topic or folder name for Repeaters students 2079. Skipping.
https://data.tulsipurmun.gov.np/datasets/relief-distribution-data-of-the-fy-2080-081 Relief Distribution Data of the FY 2080/081 2024-10-23 00:00:00
h4==previewbutton True
{'Relief Distribution on FY 2080/81': 'https://dms.tulsipurmun.gov.np/dataset/038c19dc-6cdb-4930-b6b8-25651b5804a4/resource/ec973e71-07db-4a6a-9cd5-d5d6d0bf0470/download/relief-distribution-data.xlsx'}
Could not determine topic or folder name for Relief Distribution on FY 2080/81. Skipping.
https://data.tulsipurmun.gov.np/datasets/promoters-students-2079 Promoters students- 2079 2024-07-24 00:00:00
h4==previewbutton True
{'Promoters students 2079': 'https://dms.tulsipurmun.gov.np/dataset/b3c2fd38-9639-4ca2-9fcf-2a9c43bc00bc/resource/eef01793-0fa0-4099-84e1-6376e145700c/download/promoters-2079.xlsx'}
Could not determine topic or folder name for Promoters students 2079. Skipping.
https://data.birgunjmun.gov.np/datasets/environment-section-record स्वीकृत तथा सिफारिस गरिएका वातावरण अध्ययन प्रतिवेदनहरुको सुची 2024-08-29 00:00:00
h4==previewbutton True
Message: stale element reference: stale element not found
  (Session info: chrome=131.0.6778.139); For documentation on this error, please visit: https://www.selenium.dev/documentation/webdriver/troubleshooting/errors#stale-element-reference-exception
Stacktrace:
#0 0x5bb546e4131a <unknown>
#1 0x5bb5469576e0 <unknown>
#2 0x5bb546968fbb <unknown>
#3 0x5bb546967d45 <unknown>
#4 0x5bb54695dd39 <unknown>
#5 0x5bb54695de65 <unknown>
#6 0x5bb54695c0a0 <unknown>
#7 0x5bb54695fc3e <unknown>
#8 0x5bb5469e9f6c <unknown>
#9 0x5bb5469ca462 <unknown>
#10 0x5bb5469e8ed7 <unknown>
#11 0x5bb5469ca203 <unknown>
#12 0x5bb546998cc0 <unknown>
#13 0x5bb546999c9e <unknown>
#14 0x5bb546e0ed0b <unknown>
#15 0x5bb546e12c92 <unknown>
#16 0x5bb546dfbb3c <unknown>
#17 0x5bb546e13807 <unknown>
#18 0x5bb546de10df <unknown>
#19 0x5bb546e30578 <unknown>
#20 0x5bb546e30740 <unknown>
#21 0x5bb546e40196 <unknown>
#22 0x728b9b08e1c4 <unknown>

{}
https://data.birgunjmun.gov.np/datasets/sadhan-ra-subidha-ko-awastha साधन र सुबिधाको अवस्था 2024-10-24 00:00:00
h4==previewbutton True
{'अनुसूची-१० सुबिधाको अवस्था .xlsx': 'https://dms.birgunjmun.gov.np/dataset/a2b555f1-ef12-417b-9dcb-ab7097e8e04f/resource/ab0040ec-1261-448b-aee6-c8c55ef0be3a/download/anuschi-subidha-ko-awastha.xlsx'}
Could not determine topic or folder name for अनुसूची-१० सुबिधाको अवस्था .xlsx. Skipping.
https://data.birgunjmun.gov.np/datasets/cooperative-financial-statements सहकारी संस्थाहरुको वित्तिय विवरण 2024-07-09 00:00:00
h4==previewbutton True
Message: stale element reference: stale element not found in the current frame
  (Session info: chrome=131.0.6778.139); For documentation on this error, please visit: https://www.selenium.dev/documentation/webdriver/troubleshooting/errors#stale-element-reference-exception
Stacktrace:
#0 0x5bb546e4131a <unknown>
#1 0x5bb5469576e0 <unknown>
#2 0x5bb54695d4a3 <unknown>
#3 0x5bb54695fc3e <unknown>
#4 0x5bb5469e9f6c <unknown>
#5 0x5bb5469ca462 <unknown>
#6 0x5bb5469e8ed7 <unknown>
#7 0x5bb5469ca203 <unknown>
#8 0x5bb546998cc0 <unknown>
#9 0x5bb546999c9e <unknown>
#10 0x5bb546e0ed0b <unknown>
#11 0x5bb546e12c92 <unknown>
#12 0x5bb546dfbb3c <unknown>
#13 0x5bb546e13807 <unknown>
#14 0x5bb546de10df <unknown>
#15 0x5bb546e30578 <unknown>
#16 0x5bb546e30740 <unknown>
#17 0x5bb546e40196 <unknown>
#18 0x728b9b08e1c4 <unknown>

Message: element click intercepted: Element <button class="Resource_button__nx1fy">...</button> is not clickable at point (641, 798). Other element would receive the click: <iframe title="PDF Preview" src="https://view.officeapps.live.com/op/embed.aspx?src=https://dms.birgunjmun.gov.np/dataset/fa9b618d-ad74-497c-8819-cc7d68f71bbd/resource/11fe060f-3333-4038-92bc-c8fa276858b5/download/anusuchi-21-ward-anusar-apangta-byakti-haru-bibaran.xlsx" style="width: 100%; height: 94vh;"></iframe>
  (Session info: chrome=131.0.6778.139)
Stacktrace:
#0 0x5bb546e4131a <unknown>
#1 0x5bb5469576e0 <unknown>
#2 0x5bb5469ad0f6 <unknown>
#3 0x5bb5469ab05d <unknown>
#4 0x5bb5469a8775 <unknown>
#5 0x5bb5469a792f <unknown>
#6 0x5bb54699b0d5 <unknown>
#7 0x5bb5469ca462 <unknown>
#8 0x5bb54699aa18 <unknown>
#9 0x5bb5469ca62e <unknown>
#10 0x5bb5469e8ed7 <unknown>
#11 0x5bb5469ca203 <unknown>
#12 0x5bb546998cc0 <unknown>
#13 0x5bb546999c9e <unknown>
#14 0x5bb546e0ed0b <unknown>
#15 0x5bb546e12c92 <unknown>
#16 0x5bb546dfbb3c <unknown>
#17 0x5bb546e13807 <unknown>
#18 0x5bb546de10df <unknown>
#19 0x5bb546e30578 <unknown>
#20 0x5bb546e30740 <unknown>
#21 0x5bb546e40196 <unknown>
#22 0x728b9b08e1c4 <unknown>

Message: element click intercepted: Element <button class="Resource_button__nx1fy">...</button> is not clickable at point (641, 702). Other element would receive the click: <iframe title="PDF Preview" src="https://view.officeapps.live.com/op/embed.aspx?src=https://dms.birgunjmun.gov.np/dataset/fa9b618d-ad74-497c-8819-cc7d68f71bbd/resource/abde6860-a5d6-4102-b0dc-b4c9a552b494/download/anusuchi-.xlsx" style="width: 100%; height: 94vh;"></iframe>
  (Session info: chrome=131.0.6778.139)
Stacktrace:
#0 0x5bb546e4131a <unknown>
#1 0x5bb5469576e0 <unknown>
#2 0x5bb5469ad0f6 <unknown>
#3 0x5bb5469ab05d <unknown>
#4 0x5bb5469a8775 <unknown>
#5 0x5bb5469a792f <unknown>
#6 0x5bb54699b0d5 <unknown>
#7 0x5bb5469ca462 <unknown>
#8 0x5bb54699aa18 <unknown>
#9 0x5bb5469ca62e <unknown>
#10 0x5bb5469e8ed7 <unknown>
#11 0x5bb5469ca203 <unknown>
#12 0x5bb546998cc0 <unknown>
#13 0x5bb546999c9e <unknown>
#14 0x5bb546e0ed0b <unknown>
#15 0x5bb546e12c92 <unknown>
#16 0x5bb546dfbb3c <unknown>
#17 0x5bb546e13807 <unknown>
#18 0x5bb546de10df <unknown>
#19 0x5bb546e30578 <unknown>
#20 0x5bb546e30740 <unknown>
#21 0x5bb546e40196 <unknown>
#22 0x728b9b08e1c4 <unknown>

Message: element click intercepted: Element <button class="Resource_button__nx1fy">...</button> is not clickable at point (641, 509). Other element would receive the click: <iframe title="PDF Preview" src="https://view.officeapps.live.com/op/embed.aspx?src=https://dms.birgunjmun.gov.np/dataset/fa9b618d-ad74-497c-8819-cc7d68f71bbd/resource/f46ec2e5-a79b-4603-967a-d3ab38511894/download/-.xlsx" style="width: 100%; height: 94vh;"></iframe>
  (Session info: chrome=131.0.6778.139)
Stacktrace:
#0 0x5bb546e4131a <unknown>
#1 0x5bb5469576e0 <unknown>
#2 0x5bb5469ad0f6 <unknown>
#3 0x5bb5469ab05d <unknown>
#4 0x5bb5469a8775 <unknown>
#5 0x5bb5469a792f <unknown>
#6 0x5bb54699b0d5 <unknown>
#7 0x5bb5469ca462 <unknown>
#8 0x5bb54699aa18 <unknown>
#9 0x5bb5469ca62e <unknown>
#10 0x5bb5469e8ed7 <unknown>
#11 0x5bb5469ca203 <unknown>
#12 0x5bb546998cc0 <unknown>
#13 0x5bb546999c9e <unknown>
#14 0x5bb546e0ed0b <unknown>
#15 0x5bb546e12c92 <unknown>
#16 0x5bb546dfbb3c <unknown>
#17 0x5bb546e13807 <unknown>
#18 0x5bb546de10df <unknown>
#19 0x5bb546e30578 <unknown>
#20 0x5bb546e30740 <unknown>
#21 0x5bb546e40196 <unknown>
#22 0x728b9b08e1c4 <unknown>

Message: element click intercepted: Element <button class="Resource_button__nx1fy">...</button> is not clickable at point (641, 335). Other element would receive the click: <iframe title="PDF Preview" src="https://view.officeapps.live.com/op/embed.aspx?src=https://dms.birgunjmun.gov.np/dataset/fa9b618d-ad74-497c-8819-cc7d68f71bbd/resource/6ae06a0a-8ea9-47d9-95e4-542520329903/download/-.xlsx" style="width: 100%; height: 94vh;"></iframe>
  (Session info: chrome=131.0.6778.139)
Stacktrace:
#0 0x5bb546e4131a <unknown>
#1 0x5bb5469576e0 <unknown>
#2 0x5bb5469ad0f6 <unknown>
#3 0x5bb5469ab05d <unknown>
#4 0x5bb5469a8775 <unknown>
#5 0x5bb5469a792f <unknown>
#6 0x5bb54699b0d5 <unknown>
#7 0x5bb5469ca462 <unknown>
#8 0x5bb54699aa18 <unknown>
#9 0x5bb5469ca62e <unknown>
#10 0x5bb5469e8ed7 <unknown>
#11 0x5bb5469ca203 <unknown>
#12 0x5bb546998cc0 <unknown>
#13 0x5bb546999c9e <unknown>
#14 0x5bb546e0ed0b <unknown>
#15 0x5bb546e12c92 <unknown>
#16 0x5bb546dfbb3c <unknown>
#17 0x5bb546e13807 <unknown>
#18 0x5bb546de10df <unknown>
#19 0x5bb546e30578 <unknown>
#20 0x5bb546e30740 <unknown>
#21 0x5bb546e40196 <unknown>
#22 0x728b9b08e1c4 <unknown>

Message: element click intercepted: Element <button class="Resource_button__nx1fy">...</button> is not clickable at point (641, 98). Other element would receive the click: <div tabindex="-1" class="ant-modal-wrap ant-modal-centered">...</div>
  (Session info: chrome=131.0.6778.139)
Stacktrace:
#0 0x5bb546e4131a <unknown>
#1 0x5bb5469576e0 <unknown>
#2 0x5bb5469ad0f6 <unknown>
#3 0x5bb5469ab05d <unknown>
#4 0x5bb5469a8775 <unknown>
#5 0x5bb5469a792f <unknown>
#6 0x5bb54699b0d5 <unknown>
#7 0x5bb5469ca462 <unknown>
#8 0x5bb54699aa18 <unknown>
#9 0x5bb5469ca62e <unknown>
#10 0x5bb5469e8ed7 <unknown>
#11 0x5bb5469ca203 <unknown>
#12 0x5bb546998cc0 <unknown>
#13 0x5bb546999c9e <unknown>
#14 0x5bb546e0ed0b <unknown>
#15 0x5bb546e12c92 <unknown>
#16 0x5bb546dfbb3c <unknown>
#17 0x5bb546e13807 <unknown>
#18 0x5bb546de10df <unknown>
#19 0x5bb546e30578 <unknown>
#20 0x5bb546e30740 <unknown>
#21 0x5bb546e40196 <unknown>
#22 0x728b9b08e1c4 <unknown>

Message: element not interactable
  (Session info: chrome=131.0.6778.139)
Stacktrace:
#0 0x5bb546e4131a <unknown>
#1 0x5bb54695753d <unknown>
#2 0x5bb5469a754c <unknown>
#3 0x5bb54699b0d5 <unknown>
#4 0x5bb5469ca462 <unknown>
#5 0x5bb54699aa18 <unknown>
#6 0x5bb5469ca62e <unknown>
#7 0x5bb5469e8ed7 <unknown>
#8 0x5bb5469ca203 <unknown>
#9 0x5bb546998cc0 <unknown>
#10 0x5bb546999c9e <unknown>
#11 0x5bb546e0ed0b <unknown>
#12 0x5bb546e12c92 <unknown>
#13 0x5bb546dfbb3c <unknown>
#14 0x5bb546e13807 <unknown>
#15 0x5bb546de10df <unknown>
#16 0x5bb546e30578 <unknown>
#17 0x5bb546e30740 <unknown>
#18 0x5bb546e40196 <unknown>
#19 0x728b9b08e1c4 <unknown>

Message: element click intercepted: Element <button class="Resource_button__nx1fy">...</button> is not clickable at point (641, 104). Other element would receive the click: <div class="xlsx_modal__title__3BkXf">...</div>
  (Session info: chrome=131.0.6778.139)
Stacktrace:
#0 0x5bb546e4131a <unknown>
#1 0x5bb5469576e0 <unknown>
#2 0x5bb5469ad0f6 <unknown>
#3 0x5bb5469ab05d <unknown>
#4 0x5bb5469a8775 <unknown>
#5 0x5bb5469a792f <unknown>
#6 0x5bb54699b0d5 <unknown>
#7 0x5bb5469ca462 <unknown>
#8 0x5bb54699aa18 <unknown>
#9 0x5bb5469ca62e <unknown>
#10 0x5bb5469e8ed7 <unknown>
#11 0x5bb5469ca203 <unknown>
#12 0x5bb546998cc0 <unknown>
#13 0x5bb546999c9e <unknown>
#14 0x5bb546e0ed0b <unknown>
#15 0x5bb546e12c92 <unknown>
#16 0x5bb546dfbb3c <unknown>
#17 0x5bb546e13807 <unknown>
#18 0x5bb546de10df <unknown>
#19 0x5bb546e30578 <unknown>
#20 0x5bb546e30740 <unknown>
#21 0x5bb546e40196 <unknown>
#22 0x728b9b08e1c4 <unknown>

Message: element not interactable
  (Session info: chrome=131.0.6778.139)
Stacktrace:
#0 0x5bb546e4131a <unknown>
#1 0x5bb54695753d <unknown>
#2 0x5bb5469a754c <unknown>
#3 0x5bb54699b0d5 <unknown>
#4 0x5bb5469ca462 <unknown>
#5 0x5bb54699aa18 <unknown>
#6 0x5bb5469ca62e <unknown>
#7 0x5bb5469e8ed7 <unknown>
#8 0x5bb5469ca203 <unknown>
#9 0x5bb546998cc0 <unknown>
#10 0x5bb546999c9e <unknown>
#11 0x5bb546e0ed0b <unknown>
#12 0x5bb546e12c92 <unknown>
#13 0x5bb546dfbb3c <unknown>
#14 0x5bb546e13807 <unknown>
#15 0x5bb546de10df <unknown>
#16 0x5bb546e30578 <unknown>
#17 0x5bb546e30740 <unknown>
#18 0x5bb546e40196 <unknown>
#19 0x728b9b08e1c4 <unknown>

Message: stale element reference: stale element not found
  (Session info: chrome=131.0.6778.139); For documentation on this error, please visit: https://www.selenium.dev/documentation/webdriver/troubleshooting/errors#stale-element-reference-exception
Stacktrace:
#0 0x5bb546e4131a <unknown>
#1 0x5bb5469576e0 <unknown>
#2 0x5bb546968fbb <unknown>
#3 0x5bb546967d45 <unknown>
#4 0x5bb54695dd39 <unknown>
#5 0x5bb54695de65 <unknown>
#6 0x5bb54695c0a0 <unknown>
#7 0x5bb54695fc3e <unknown>
#8 0x5bb5469e9f6c <unknown>
#9 0x5bb5469ca462 <unknown>
#10 0x5bb5469e8ed7 <unknown>
#11 0x5bb5469ca203 <unknown>
#12 0x5bb546998cc0 <unknown>
#13 0x5bb546999c9e <unknown>
#14 0x5bb546e0ed0b <unknown>
#15 0x5bb546e12c92 <unknown>
#16 0x5bb546dfbb3c <unknown>
#17 0x5bb546e13807 <unknown>
#18 0x5bb546de10df <unknown>
#19 0x5bb546e30578 <unknown>
#20 0x5bb546e30740 <unknown>
#21 0x5bb546e40196 <unknown>
#22 0x728b9b08e1c4 <unknown>

Message: stale element reference: stale element not found
  (Session info: chrome=131.0.6778.139); For documentation on this error, please visit: https://www.selenium.dev/documentation/webdriver/troubleshooting/errors#stale-element-reference-exception
Stacktrace:
#0 0x5bb546e4131a <unknown>
#1 0x5bb5469576e0 <unknown>
#2 0x5bb546968fbb <unknown>
#3 0x5bb546967d45 <unknown>
#4 0x5bb54695dd39 <unknown>
#5 0x5bb54695c0a0 <unknown>
#6 0x5bb54695f968 <unknown>
#7 0x5bb54695f9f3 <unknown>
#8 0x5bb5469a810a <unknown>
#9 0x5bb54699afee <unknown>
#10 0x5bb5469ca462 <unknown>
#11 0x5bb54699aa18 <unknown>
#12 0x5bb5469ca62e <unknown>
#13 0x5bb5469e8ed7 <unknown>
#14 0x5bb5469ca203 <unknown>
#15 0x5bb546998cc0 <unknown>
#16 0x5bb546999c9e <unknown>
#17 0x5bb546e0ed0b <unknown>
#18 0x5bb546e12c92 <unknown>
#19 0x5bb546dfbb3c <unknown>
#20 0x5bb546e13807 <unknown>
#21 0x5bb546de10df <unknown>
#22 0x5bb546e30578 <unknown>
#23 0x5bb546e30740 <unknown>
#24 0x5bb546e40196 <unknown>
#25 0x728b9b08e1c4 <unknown>

Message: stale element reference: stale element not found
  (Session info: chrome=131.0.6778.139); For documentation on this error, please visit: https://www.selenium.dev/documentation/webdriver/troubleshooting/errors#stale-element-reference-exception
Stacktrace:
#0 0x5bb546e4131a <unknown>
#1 0x5bb5469576e0 <unknown>
#2 0x5bb546968fbb <unknown>
#3 0x5bb546967d45 <unknown>
#4 0x5bb54695dd39 <unknown>
#5 0x5bb54695c0a0 <unknown>
#6 0x5bb54695f968 <unknown>
#7 0x5bb54695f9f3 <unknown>
#8 0x5bb5469a810a <unknown>
#9 0x5bb54699afee <unknown>
#10 0x5bb5469ca462 <unknown>
#11 0x5bb54699aa18 <unknown>
#12 0x5bb5469ca62e <unknown>
#13 0x5bb5469e8ed7 <unknown>
#14 0x5bb5469ca203 <unknown>
#15 0x5bb546998cc0 <unknown>
#16 0x5bb546999c9e <unknown>
#17 0x5bb546e0ed0b <unknown>
#18 0x5bb546e12c92 <unknown>
#19 0x5bb546dfbb3c <unknown>
#20 0x5bb546e13807 <unknown>
#21 0x5bb546de10df <unknown>
#22 0x5bb546e30578 <unknown>
#23 0x5bb546e30740 <unknown>
#24 0x5bb546e40196 <unknown>
#25 0x728b9b08e1c4 <unknown>

Message: stale element reference: stale element not found
  (Session info: chrome=131.0.6778.139); For documentation on this error, please visit: https://www.selenium.dev/documentation/webdriver/troubleshooting/errors#stale-element-reference-exception
Stacktrace:
#0 0x5bb546e4131a <unknown>
#1 0x5bb5469576e0 <unknown>
#2 0x5bb546968fbb <unknown>
#3 0x5bb546967d45 <unknown>
#4 0x5bb54695dd39 <unknown>
#5 0x5bb54695c0a0 <unknown>
#6 0x5bb54695f968 <unknown>
#7 0x5bb54695f9f3 <unknown>
#8 0x5bb5469a810a <unknown>
#9 0x5bb54699afee <unknown>
#10 0x5bb5469ca462 <unknown>
#11 0x5bb54699aa18 <unknown>
#12 0x5bb5469ca62e <unknown>
#13 0x5bb5469e8ed7 <unknown>
#14 0x5bb5469ca203 <unknown>
#15 0x5bb546998cc0 <unknown>
#16 0x5bb546999c9e <unknown>
#17 0x5bb546e0ed0b <unknown>
#18 0x5bb546e12c92 <unknown>
#19 0x5bb546dfbb3c <unknown>
#20 0x5bb546e13807 <unknown>
#21 0x5bb546de10df <unknown>
#22 0x5bb546e30578 <unknown>
#23 0x5bb546e30740 <unknown>
#24 0x5bb546e40196 <unknown>
#25 0x728b9b08e1c4 <unknown>

Message: stale element reference: stale element not found
  (Session info: chrome=131.0.6778.139); For documentation on this error, please visit: https://www.selenium.dev/documentation/webdriver/troubleshooting/errors#stale-element-reference-exception
Stacktrace:
#0 0x5bb546e4131a <unknown>
#1 0x5bb5469576e0 <unknown>
#2 0x5bb546968fbb <unknown>
#3 0x5bb546967d45 <unknown>
#4 0x5bb54695dd39 <unknown>
#5 0x5bb54695c0a0 <unknown>
#6 0x5bb54695f968 <unknown>
#7 0x5bb54695f9f3 <unknown>
#8 0x5bb5469a810a <unknown>
#9 0x5bb54699afee <unknown>
#10 0x5bb5469ca462 <unknown>
#11 0x5bb54699aa18 <unknown>
#12 0x5bb5469ca62e <unknown>
#13 0x5bb5469e8ed7 <unknown>
#14 0x5bb5469ca203 <unknown>
#15 0x5bb546998cc0 <unknown>
#16 0x5bb546999c9e <unknown>
#17 0x5bb546e0ed0b <unknown>
#18 0x5bb546e12c92 <unknown>
#19 0x5bb546dfbb3c <unknown>
#20 0x5bb546e13807 <unknown>
#21 0x5bb546de10df <unknown>
#22 0x5bb546e30578 <unknown>
#23 0x5bb546e30740 <unknown>
#24 0x5bb546e40196 <unknown>
#25 0x728b9b08e1c4 <unknown>

{'अनुसुचि १७ - ज्येष्ठ नागरिक र सामाजिक सुरक्षा भत्ता प्राप्त गर्न योग्य जनसङ्ख्याको वितरण': 'https://dms.birgunjmun.gov.np/dataset/fa9b618d-ad74-497c-8819-cc7d68f71bbd/resource/f4c26acf-deff-4deb-b31a-0251a4d5e49d/download/anusuchi-17-jesstha-nagrik-bhatta-khane-ko-sankhya.xlsx', 'अनुसुचि १८ - वडा अनुसार परिवारमुलिको विवरण': 'https://dms.birgunjmun.gov.np/dataset/fa9b618d-ad74-497c-8819-cc7d68f71bbd/resource/8687f1f2-c2a7-48cd-977f-f5cd8545404f/download/anusuchi-18-ward-anusar-pariwar-muliko-awastha.xlsx', 'अनुसुचि २७ - वडा अनुसार १० वर्ष र सोभन्दा बढि ऊमेरका व्यक्तिको अघिल्लो १२ महिनामा कम्तिमा एक दिन आर्थिक काममा संलग्नता': 'https://dms.birgunjmun.gov.np/dataset/fa9b618d-ad74-497c-8819-cc7d68f71bbd/resource/74c2ff2a-7d9e-4667-a488-edb7e80acd12/download/anusuchi-27.xlsx'}
Could not determine topic or folder name for अनुसुचि १७ - ज्येष्ठ नागरिक र सामाजिक सुरक्षा भत्ता प्राप्त गर्न योग्य जनसङ्ख्याको वितरण. Skipping.
Could not determine topic or folder name for अनुसुचि १८ - वडा अनुसार परिवारमुलिको विवरण. Skipping.
Could not determine topic or folder name for अनुसुचि २७ - वडा अनुसार १० वर्ष र सोभन्दा बढि ऊमेरका व्यक्तिको अघिल्लो १२ महिनामा कम्तिमा एक दिन आर्थिक काममा संलग्नता. Skipping.
https://data.birgunjmun.gov.np/datasets/https-dms-birgunjmun-gov-np-dataset-new-group-1609904b-b25f-458e-8ba6-7ed7ee861da3 वीरगंज महानगरपालिका अन्तर्गतका विभिन्‍न वडा कार्यालयहरुमा सचिवहरुको नामावली र सम्पर्क नं. 2024-01-23 00:00:00
h4==previewbutton True
{'ward wise karmachari.xlsx': 'https://dms.birgunjmun.gov.np/dataset/0f814717-38e3-4bf7-9677-5bef0fe7c209/resource/20974ca2-68bf-4fe1-a020-d7e57616dd15/download/ward-wise-karmachari.xlsx'}
Could not determine topic or folder name for ward wise karmachari.xlsx. Skipping.
https://data.birgunjmun.gov.np/datasets/dms-birgunjmun-gov-np-dataset-new-group-1609904b-b25f-458e-8ba6-7ed7ee861da3 वीरगंज महानगरपालिका अन्तर्गतका वडा अध्यक्ष र कार्यपालिका सदस्यज्यूहरुको सम्पर्क नं. 2024-01-07 00:00:00
h4==previewbutton True
{'वडा अध्यक्ष तथा वडा सदस्यहरुको नामावली विवरण.xlsx': 'https://dms.birgunjmun.gov.np/dataset/403999ec-9f1e-49ac-8a33-99b1a3986b12/resource/1f204871-e26e-4a4c-8c1d-e48c85cac253/download/-.xlsx'}
Could not determine topic or folder name for वडा अध्यक्ष तथा वडा सदस्यहरुको नामावली विवरण.xlsx. Skipping.
https://data.birgunjmun.gov.np/datasets/national-census-digital-profile वीरगंज जनसकङ्ख्किक प्रतिवेदन 2024-09-13 00:00:00
h4==previewbutton True
Message: stale element reference: stale element not found in the current frame
  (Session info: chrome=131.0.6778.139); For documentation on this error, please visit: https://www.selenium.dev/documentation/webdriver/troubleshooting/errors#stale-element-reference-exception
Stacktrace:
#0 0x5bb546e4131a <unknown>
#1 0x5bb5469576e0 <unknown>
#2 0x5bb54695d4a3 <unknown>
#3 0x5bb54695fc3e <unknown>
#4 0x5bb5469e9f6c <unknown>
#5 0x5bb5469ca462 <unknown>
#6 0x5bb5469e8ed7 <unknown>
#7 0x5bb5469ca203 <unknown>
#8 0x5bb546998cc0 <unknown>
#9 0x5bb546999c9e <unknown>
#10 0x5bb546e0ed0b <unknown>
#11 0x5bb546e12c92 <unknown>
#12 0x5bb546dfbb3c <unknown>
#13 0x5bb546e13807 <unknown>
#14 0x5bb546de10df <unknown>
#15 0x5bb546e30578 <unknown>
#16 0x5bb546e30740 <unknown>
#17 0x5bb546e40196 <unknown>
#18 0x728b9b08e1c4 <unknown>

{'अनुसूची १-९ पारिवारिक विवरण .xlsx': 'https://dms.birgunjmun.gov.np/dataset/dd8ab9e0-478b-485c-bed0-26b4d341e795/resource/fdce3f81-c2a3-483b-aa88-82d8f62864aa/download/anusuchi-1-9-pariwarik-bibaran.xlsx'}
Could not determine topic or folder name for अनुसूची १-९ पारिवारिक विवरण .xlsx. Skipping.
https://data.birgunjmun.gov.np/datasets/xlsx विपद् व्यवस्थापन साखा अन्तर्गत गरिएका कार्यहरुको विवरण xlsx 2024-08-29 00:00:00
h4==previewbutton True
{'विपद् व्यवस्थापन साखा अन्तर्गत गरिएका कार्यहरुको विवरण.xlsx': 'https://dms.birgunjmun.gov.np/dataset/28d3a4d7-29ba-4fb5-a22f-1c7b5589deae/resource/190d1745-a4b5-4aa3-a5f1-d1ba1c3d70a9/download/-.xlsx'}
Could not determine topic or folder name for विपद् व्यवस्थापन साखा अन्तर्गत गरिएका कार्यहरुको विवरण.xlsx. Skipping.
https://data.birgunjmun.gov.np/datasets/wada-anusar-mahila-ko-naam-ma-ghar-jagga-hune-pariwar वडा अनुसार महिलाको नाममा घर जग्गा भएका परिवार 2024-10-24 00:00:00
Traceback (most recent call last):
  File "/app/backend/crawler/crawler.py", line 277, in <module>
    excel_title_links=get_excel_links(a_href, a_text, modified_date)
  File "/app/backend/crawler/crawler.py", line 130, in get_excel_links
    driver.get(a_href)  # Replace with the actual URL
  File "/usr/local/lib/python3.10/site-packages/selenium/webdriver/remote/webdriver.py", line 389, in get
    self.execute(Command.GET, {"url": url})
  File "/usr/local/lib/python3.10/site-packages/selenium/webdriver/remote/webdriver.py", line 380, in execute
    self.error_handler.check_response(response)
  File "/usr/local/lib/python3.10/site-packages/selenium/webdriver/remote/errorhandler.py", line 229, in check_response
    raise exception_class(message, screen, stacktrace)
selenium.common.exceptions.WebDriverException: Message: disconnected: not connected to DevTools
  (failed to check if window was closed: disconnected: not connected to DevTools)
  (Session info: chrome=131.0.6778.139)
Stacktrace:
#0 0x5bb546e4131a <unknown>
#1 0x5bb5469576e0 <unknown>
#2 0x5bb54693e435 <unknown>
#3 0x5bb54693e313 <unknown>
#4 0x5bb546959a02 <unknown>
#5 0x5bb5469e88b6 <unknown>
#6 0x5bb5469ca203 <unknown>
#7 0x5bb546998cc0 <unknown>
#8 0x5bb546999c9e <unknown>
#9 0x5bb546e0ed0b <unknown>
#10 0x5bb546e12c92 <unknown>
#11 0x5bb546dfbb3c <unknown>
#12 0x5bb546e13807 <unknown>
#13 0x5bb546de10df <unknown>
#14 0x5bb546e30578 <unknown>
#15 0x5bb546e30740 <unknown>
#16 0x5bb546e40196 <unknown>
#17 0x728b9b08e1c4 <unknown>

